#! /c/iverilog/bin/vvp
:ivl_version "0.9.7 " "(v0_9_7)";
:vpi_time_precision + 0;
:vpi_module "system";
:vpi_module "v2005_math";
:vpi_module "va_math";
S_011EDC78 .scope module, "tb_ready_valid" "tb_ready_valid" 2 1;
 .timescale 0 0;
v01244D50_0 .var "clk", 0 0;
v01244EB0_0 .var "data_in", 15 0;
v01244DA8_0 .net "data_out", 15 0, v011E4578_0; 1 drivers
v01245220_0 .net "in_ready", 0 0, L_011ECF30; 1 drivers
v01245010_0 .var "in_valid", 0 0;
v01245380_0 .var "out_ready", 0 0;
v01245118_0 .net "out_valid", 0 0, L_011ECDE0; 1 drivers
v01244CA0_0 .var "reset", 0 0;
S_011EE690 .scope module, "dut" "ready_valid" 2 9, 3 1, S_011EDC78;
 .timescale 0 0;
L_011ECE88 .functor NOT 1, v011E1D50_0, C4<0>, C4<0>, C4<0>;
L_011ECFD8 .functor AND 1, v01245380_0, v011E1D50_0, C4<1>, C4<1>;
L_011ECF30 .functor OR 1, L_011ECE88, L_011ECFD8, C4<0>, C4<0>;
L_011ECDE0 .functor BUFZ 1, v011E1D50_0, C4<0>, C4<0>, C4<0>;
v011E8400_0 .net *"_s0", 0 0, L_011ECE88; 1 drivers
v011E8458_0 .net *"_s2", 0 0, L_011ECFD8; 1 drivers
v011E84F0_0 .net "clk", 0 0, v01244D50_0; 1 drivers
v011E8548_0 .net "data_in", 15 0, v01244EB0_0; 1 drivers
v011EEE70_0 .alias "data_out", 15 0, v01244DA8_0;
v011EEEC8_0 .alias "in_ready", 0 0, v01245220_0;
v011EEF20_0 .net "in_valid", 0 0, v01245010_0; 1 drivers
v011E44C8_0 .net "out_ready", 0 0, v01245380_0; 1 drivers
v011E4520_0 .alias "out_valid", 0 0, v01245118_0;
v011E4578_0 .var "pipe_reg", 15 0;
v011E1CF8_0 .net "reset", 0 0, v01244CA0_0; 1 drivers
v011E1D50_0 .var "valid", 0 0;
E_011E7C68 .event posedge, v011E84F0_0;
    .scope S_011EE690;
T_0 ;
    %wait E_011E7C68;
    %load/v 8, v011E1CF8_0, 1;
    %jmp/0xz  T_0.0, 8;
    %ix/load 0, 1, 0;
    %assign/v0 v011E1D50_0, 0, 0;
    %jmp T_0.1;
T_0.0 ;
    %load/v 8, v011E1D50_0, 1;
    %load/v 9, v011E44C8_0, 1;
    %and 8, 9, 1;
    %jmp/0xz  T_0.2, 8;
    %ix/load 0, 1, 0;
    %assign/v0 v011E1D50_0, 0, 0;
T_0.2 ;
    %load/v 8, v011EEF20_0, 1;
    %load/v 9, v011EEEC8_0, 1;
    %and 8, 9, 1;
    %jmp/0xz  T_0.4, 8;
    %load/v 8, v011E8548_0, 16;
    %ix/load 0, 16, 0;
    %assign/v0 v011E4578_0, 0, 8;
    %ix/load 0, 1, 0;
    %assign/v0 v011E1D50_0, 0, 1;
T_0.4 ;
T_0.1 ;
    %jmp T_0;
    .thread T_0;
    .scope S_011EDC78;
T_1 ;
    %delay 5, 0;
    %load/v 8, v01244D50_0, 1;
    %inv 8, 1;
    %set/v v01244D50_0, 8, 1;
    %jmp T_1;
    .thread T_1;
    .scope S_011EDC78;
T_2 ;
    %vpi_call 2 23 "$dumpfile", "ready_valid.vcd";
    %vpi_call 2 24 "$dumpvars", 1'sb0, S_011EDC78;
    %set/v v01244D50_0, 0, 1;
    %set/v v01244CA0_0, 1, 1;
    %set/v v01245010_0, 0, 1;
    %set/v v01245380_0, 0, 1;
    %set/v v01244EB0_0, 0, 16;
    %delay 20, 0;
    %set/v v01244CA0_0, 0, 1;
    %movi 8, 4, 4;
T_2.0 %cmp/s 0, 8, 4;
    %jmp/0xz T_2.1, 5;
    %add 8, 1, 4;
    %wait E_011E7C68;
    %set/v v01245010_0, 1, 1;
    %set/v v01245380_0, 1, 1;
    %load/v 12, v01244EB0_0, 16;
    %mov 28, 0, 16;
    %addi 12, 1, 32;
    %set/v v01244EB0_0, 12, 16;
    %jmp T_2.0;
T_2.1 ;
    %wait E_011E7C68;
    %set/v v01245010_0, 0, 1;
    %wait E_011E7C68;
    %set/v v01245010_0, 1, 1;
    %set/v v01245380_0, 0, 1;
    %movi 8, 4098, 16;
    %set/v v01244EB0_0, 8, 16;
    %movi 8, 3, 3;
T_2.2 %cmp/s 0, 8, 3;
    %jmp/0xz T_2.3, 5;
    %add 8, 1, 3;
    %wait E_011E7C68;
    %jmp T_2.2;
T_2.3 ;
    %set/v v01245380_0, 1, 1;
    %wait E_011E7C68;
    %set/v v01245010_0, 0, 1;
    %delay 40, 0;
    %vpi_call 2 59 "$finish";
    %end;
    .thread T_2;
# The file index is used to find the file name in the following table.
:file_names 4;
    "N/A";
    "<interactive>";
    "ready_valid_tb.v";
    "ready_valid.v";
